<?xml version="1.0" encoding="UTF-8"?>
<!-- Generated by org.testng.reporters.JUnitReportReporter -->
<testsuite hostname="knchandra" failures="0" tests="2" name="tests.CreateWorkingClassHeroesTests" time="4.624" errors="0" timestamp="2024-05-14T19:41:44 IST" skipped="0">
  <testcase classname="tests.CreateWorkingClassHeroesTests" name="createWorkingClassHeroWithDuplicateNatId" time="2.735"/>
  <testcase classname="tests.CreateWorkingClassHeroesTests" name="createWorkingClassHeroWithValidInput" time="1.889"/>
</testsuite> <!-- tests.CreateWorkingClassHeroesTests -->
