<?xml version="1.0" encoding="UTF-8"?>
<!-- Generated by org.testng.reporters.JUnitReportReporter -->
<testsuite hostname="knchandra" failures="0" tests="1" name="tests.CreateWorkingClassHeroes" time="1.319" errors="0" timestamp="2024-05-12T07:52:29 IST" skipped="0">
  <testcase classname="tests.CreateWorkingClassHeroes" name="createWorkingClassHeroWithValidInput" time="1.319"/>
</testsuite> <!-- tests.CreateWorkingClassHeroes -->
