<?xml version="1.0" encoding="UTF-8"?>
<!-- Generated by org.testng.reporters.JUnitReportReporter -->
<testsuite hostname="knchandra" failures="0" tests="1" name="tests.VoucherCountTests" time="1.158" errors="0" timestamp="2024-05-14T19:41:44 IST" skipped="0">
  <testcase classname="tests.VoucherCountTests" name="checkVoucherCountByPersonType" time="1.158"/>
</testsuite> <!-- tests.VoucherCountTests -->
