<?xml version="1.0" encoding="UTF-8"?>
<!-- Generated by org.testng.reporters.JUnitReportReporter -->
<testsuite hostname="knchandra" failures="0" tests="2" name="tests.CreateWorkingClassHeroesWithVoucherTests" time="2.342" errors="0" timestamp="2024-05-14T19:41:44 IST" skipped="0">
  <testcase classname="tests.CreateWorkingClassHeroesWithVoucherTests" name="createWorkingClassHeroWithoutVouchers" time="1.144"/>
  <testcase classname="tests.CreateWorkingClassHeroesWithVoucherTests" name="createWorkingClassHeroWithVouchers" time="1.198"/>
</testsuite> <!-- tests.CreateWorkingClassHeroesWithVoucherTests -->
