<?xml version="1.0" encoding="UTF-8"?>
<!-- Generated by org.testng.reporters.JUnitReportReporter -->
<testsuite hostname="rb-ssuri" failures="0" tests="2" name="api_tests.CreateWorkingClassHeroesWithVoucherTests" time="0.471" errors="0" timestamp="2024-05-17T13:30:07 IST" skipped="0">
  <testcase classname="api_tests.CreateWorkingClassHeroesWithVoucherTests" name="createWorkingClassHeroWithVouchers" time="0.355"/>
  <testcase classname="api_tests.CreateWorkingClassHeroesWithVoucherTests" name="createWorkingClassHeroWithoutVouchers" time="0.116"/>
  <system-out>
    <![CDATA[Failed Report]]>
  </system-out>
</testsuite> <!-- api_tests.CreateWorkingClassHeroesWithVoucherTests -->
