<?xml version="1.0" encoding="UTF-8"?>
<!-- Generated by org.testng.reporters.JUnitReportReporter -->
<testsuite hostname="rb-ssuri" failures="0" tests="2" name="api_tests.CreateWorkingClassHeroesTests" time="6.733" errors="0" timestamp="2024-05-17T13:30:07 IST" skipped="0">
  <testcase classname="api_tests.CreateWorkingClassHeroesTests" name="createWorkingClassHeroWithValidInput" time="1.064"/>
  <testcase classname="api_tests.CreateWorkingClassHeroesTests" name="createWorkingClassHeroWithDuplicateNatId" time="5.669"/>
  <system-out>
    <![CDATA[Failed Report]]>
  </system-out>
</testsuite> <!-- api_tests.CreateWorkingClassHeroesTests -->
