<?xml version="1.0" encoding="UTF-8"?>
<!-- Generated by org.testng.reporters.JUnitReportReporter -->
<testsuite hostname="knchandra" failures="0" tests="1" name="tests.WorkingClassHeroOwesMoneyTests" time="1.619" errors="0" timestamp="2024-05-14T19:41:44 IST" skipped="0">
  <testcase classname="tests.WorkingClassHeroOwesMoneyTests" name="checkWorkingClassHeroOwesMoney" time="1.619"/>
</testsuite> <!-- tests.WorkingClassHeroOwesMoneyTests -->
