<?xml version="1.0" encoding="UTF-8"?>
<!-- Generated by org.testng.reporters.JUnitReportReporter -->
<testsuite hostname="rb-ssuri" failures="0" tests="1" name="api_tests.VoucherCountTests" time="0.150" errors="0" timestamp="2024-05-17T13:30:07 IST" skipped="0">
  <testcase classname="api_tests.VoucherCountTests" name="checkVoucherCountByPersonType" time="0.150"/>
  <system-out>
    <![CDATA[Failed Report]]>
  </system-out>
</testsuite> <!-- api_tests.VoucherCountTests -->
