<?xml version="1.0" encoding="UTF-8"?>
<!-- Generated by org.testng.reporters.JUnitReportReporter -->
<testsuite hostname="rb-ssuri" failures="0" tests="1" name="api_tests.WorkingClassHeroOwesMoneyTests" time="1.389" errors="0" timestamp="2024-05-17T13:30:07 IST" skipped="0">
  <testcase classname="api_tests.WorkingClassHeroOwesMoneyTests" name="checkWorkingClassHeroOwesMoney" time="1.389"/>
  <system-out>
    <![CDATA[Failed Report]]>
  </system-out>
</testsuite> <!-- api_tests.WorkingClassHeroOwesMoneyTests -->
